<?xml version="1.0" encoding="UTF-8"?>
<!-- Generated by org.testng.reporters.JUnitReportReporter -->
<testsuite hostname="LAPTOP-6R08M2A3" failures="0" tests="3" name="com.qa.facebookTest.LoginPageTest" time="18.368" errors="0" timestamp="27 Nov 2021 04:48:36 GMT" skipped="0">
  <testcase classname="com.qa.facebookTest.LoginPageTest" name="ValidatePageTitleTest" time="6.788"/>
  <testcase classname="com.qa.facebookTest.LoginPageTest" name="ValidateLogoTest" time="6.704"/>
  <testcase classname="com.qa.facebookTest.LoginPageTest" name="ValidateLoginTest" time="4.876"/>
</testsuite> <!-- com.qa.facebookTest.LoginPageTest -->
