<?xml version="1.0" encoding="UTF-8"?>
<!-- Generated by org.testng.reporters.JUnitReportReporter -->
<testsuite hostname="LAPTOP-6R08M2A3" failures="0" tests="2" name="com.qa.facebookTest.HomePageTest" time="15.376" errors="0" timestamp="27 Nov 2021 04:48:36 GMT" skipped="0">
  <testcase classname="com.qa.facebookTest.HomePageTest" name="VerifyUserNameLabelTest" time="8.029"/>
  <testcase classname="com.qa.facebookTest.HomePageTest" name="VerifyFriendsLinkTest" time="7.347"/>
</testsuite> <!-- com.qa.facebookTest.HomePageTest -->
