<?xml version="1.0" encoding="UTF-8"?>
<!-- Generated by org.testng.reporters.JUnitReportReporter -->
<testsuite skipped="0" hostname="LAPTOP-6R08M2A3" name="com.qa.facebookTest.HomePageTest" tests="2" failures="0" timestamp="27 Nov 2021 13:03:03 GMT" time="24.622" errors="0">
  <testcase name="VerifyUserNameLabelTest" time="15.488" classname="com.qa.facebookTest.HomePageTest"/>
  <testcase name="VerifyFriendsLinkTest" time="9.134" classname="com.qa.facebookTest.HomePageTest"/>
</testsuite> <!-- com.qa.facebookTest.HomePageTest -->
