<?xml version="1.0" encoding="UTF-8"?>
<!-- Generated by org.testng.reporters.JUnitReportReporter -->
<testsuite skipped="0" hostname="LAPTOP-6R08M2A3" name="com.qa.facebookTest.LoginPageTest" tests="3" failures="0" timestamp="27 Nov 2021 13:03:03 GMT" time="13.113" errors="0">
  <testcase name="ValidatePageTitleTest" time="4.202" classname="com.qa.facebookTest.LoginPageTest"/>
  <testcase name="ValidateLogoTest" time="4.116" classname="com.qa.facebookTest.LoginPageTest"/>
  <testcase name="ValidateLoginTest" time="4.795" classname="com.qa.facebookTest.LoginPageTest"/>
</testsuite> <!-- com.qa.facebookTest.LoginPageTest -->
